<?xml version="1.0" encoding="UTF-8"?>
<!-- Generated by org.testng.reporters.JUnitReportReporter -->
<testsuite hostname="MSI" failures="0" tests="1" name="theInternet.tests.KeyPressTest" time="0.900" errors="0" timestamp="2020-11-11T15:25:23 CST" skipped="0">
  <testcase classname="theInternet.tests.KeyPressTest" name="recognizesPressedKey" time="0.900"/>
  <system-out/>
</testsuite> <!-- theInternet.tests.KeyPressTest -->
