<?xml version="1.0" encoding="UTF-8"?>
<!-- Generated by org.testng.reporters.JUnitReportReporter -->
<testsuite hostname="MSI" failures="0" tests="1" name="theInternet.tests.DisappearingElementsTest" time="1.521" errors="0" timestamp="2020-11-11T15:51:51 CST" skipped="0">
  <testcase classname="theInternet.tests.DisappearingElementsTest" name="canElementDisappear" time="1.521"/>
  <system-out/>
</testsuite> <!-- theInternet.tests.DisappearingElementsTest -->
