<?xml version="1.0" encoding="UTF-8"?>
<!-- Generated by org.testng.reporters.JUnitReportReporter -->
<testsuite hostname="MSI" failures="0" tests="4" name="TheInternet" time="1.815" errors="0" timestamp="2020-11-06T09:48:33 CST" skipped="0">
  <testcase classname="TheInternet" name="tc4CanSelectDropdownListItem" time="0.230"/>
  <system-out/>
  <testcase classname="TheInternet" name="canLaunchChromeBrowser" time="1.350"/>
  <system-out/>
  <testcase classname="TheInternet" name="tc5CanSetAnInput" time="0.135"/>
  <system-out/>
  <testcase classname="TheInternet" name="canNavigateToTheIndexPage" time="0.100"/>
  <system-out/>
</testsuite> <!-- TheInternet -->
