<?xml version="1.0" encoding="UTF-8"?>
<!-- Generated by org.testng.reporters.JUnitReportReporter -->
<testsuite hostname="MSI" failures="0" tests="1" name="theInternet.tests.HorizontalSliderTest" time="15.126" errors="0" timestamp="2020-11-11T21:04:27 CST" skipped="0">
  <testcase classname="theInternet.tests.HorizontalSliderTest" name="canMoveSlider" time="15.126"/>
  <system-out/>
</testsuite> <!-- theInternet.tests.HorizontalSliderTest -->
