<?xml version="1.0" encoding="UTF-8"?>
<!-- Generated by org.testng.reporters.JUnitReportReporter -->
<testsuite hostname="MSI" failures="0" tests="1" name="theInternet.tests.BasicAuthTest" time="0.641" errors="0" timestamp="2020-11-10T17:15:29 CST" skipped="0">
  <testcase classname="theInternet.tests.BasicAuthTest" name="canAuthenticate" time="0.641"/>
  <system-out/>
</testsuite> <!-- theInternet.tests.BasicAuthTest -->
