<?xml version="1.0" encoding="UTF-8"?>
<!-- Generated by org.testng.reporters.JUnitReportReporter -->
<testsuite hostname="MSI" failures="0" tests="1" name="theInternet.tests.DisappearingElementsTest" time="0.964" errors="0" timestamp="2020-11-11T22:56:00 CST" skipped="0">
  <testcase classname="theInternet.tests.DisappearingElementsTest" name="canElementDisappear" time="0.964"/>
  <system-out/>
</testsuite> <!-- theInternet.tests.DisappearingElementsTest -->
