<?xml version="1.0" encoding="UTF-8"?>
<!-- Generated by org.testng.reporters.JUnitReportReporter -->
<testsuite hostname="MSI" failures="0" tests="1" name="theInternet.tests.TablesTest" time="0.764" errors="0" timestamp="2020-11-10T21:00:09 CST" skipped="0">
  <testcase classname="theInternet.tests.TablesTest" name="canGetTable1CellContents" time="0.764"/>
  <system-out/>
</testsuite> <!-- theInternet.tests.TablesTest -->
