<?xml version="1.0" encoding="UTF-8"?>
<!-- Generated by org.testng.reporters.JUnitReportReporter -->
<testsuite hostname="MSI" failures="0" tests="4" name="framework.TheInternet" time="1.804" errors="0" timestamp="2020-11-06T10:39:30 CST" skipped="0">
  <testcase classname="framework.TheInternet" name="canLaunchChromeBrowser" time="1.344"/>
  <system-out/>
  <testcase classname="framework.TheInternet" name="canNavigateToTheIndexPage" time="0.098"/>
  <system-out/>
  <testcase classname="framework.TheInternet" name="tc5CanSetAnInput" time="0.134"/>
  <system-out/>
  <testcase classname="framework.TheInternet" name="tc4CanSelectDropdownListItem" time="0.228"/>
  <system-out/>
</testsuite> <!-- framework.TheInternet -->
