<?xml version="1.0" encoding="UTF-8"?>
<!-- Generated by org.testng.reporters.JUnitReportReporter -->
<testsuite hostname="MSI" failures="0" tests="4" name="TheInternet" time="1.693" errors="0" timestamp="2020-11-05T19:02:50 CST" skipped="0">
  <testcase classname="TheInternet" name="tc4CanSelectDropdownListItem" time="0.235"/>
  <system-out/>
  <testcase classname="TheInternet" name="canLaunchChromeBrowser" time="1.209"/>
  <system-out/>
  <testcase classname="TheInternet" name="tc5CanSetAnInput" time="0.144"/>
  <system-out/>
  <testcase classname="TheInternet" name="canNavigateToTheIndexPage" time="0.105"/>
  <system-out/>
</testsuite> <!-- TheInternet -->
