<?xml version="1.0" encoding="UTF-8"?>
<!-- Generated by org.testng.reporters.JUnitReportReporter -->
<testsuite hostname="MSI" failures="0" tests="3" name="theInternet.tests.JavaScriptAlertsTest" time="1.562" errors="0" timestamp="2020-11-12T02:25:06 CST" skipped="0">
  <testcase classname="theInternet.tests.JavaScriptAlertsTest" name="canActivateAlert" time="1.253"/>
  <system-out/>
  <testcase classname="theInternet.tests.JavaScriptAlertsTest" name="canSendPromptAlert" time="0.151"/>
  <system-out/>
  <testcase classname="theInternet.tests.JavaScriptAlertsTest" name="canConfirmAlert" time="0.158"/>
  <system-out/>
</testsuite> <!-- theInternet.tests.JavaScriptAlertsTest -->
