<?xml version="1.0" encoding="UTF-8"?>
<!-- Generated by org.testng.reporters.JUnitReportReporter -->
<testsuite hostname="CDantas" failures="0" tests="1" name="SeleniumTest" time="1.041" errors="0" timestamp="2020-11-03T18:40:22 CST" skipped="0">
  <testcase classname="SeleniumTest" name="CanLaunchChromeBrowser" time="1.041"/>
  <system-out/>
</testsuite> <!-- SeleniumTest -->
