<?xml version="1.0" encoding="UTF-8"?>
<!-- Generated by org.testng.reporters.JUnitReportReporter -->
<testsuite hostname="MSI" failures="0" tests="3" name="theInternet.tests.AddRemoveElementsTest" time="6.220" errors="0" timestamp="2020-11-10T21:00:38 CST" skipped="0">
  <testcase classname="theInternet.tests.AddRemoveElementsTest" name="CanAddElements" time="0.419"/>
  <system-out/>
  <testcase classname="theInternet.tests.AddRemoveElementsTest" name="CanDeleteElements" time="3.453"/>
  <system-out/>
  <testcase classname="theInternet.tests.AddRemoveElementsTest" name="CanAddAndDeleteElements" time="2.348"/>
  <system-out/>
</testsuite> <!-- theInternet.tests.AddRemoveElementsTest -->
