<?xml version="1.0" encoding="UTF-8"?>
<!-- Generated by org.testng.reporters.JUnitReportReporter -->
<testsuite hostname="MSI" failures="0" tests="1" name="theInternet.tests.CheckboxTest" time="1.413" errors="0" timestamp="2020-11-11T14:42:17 CST" skipped="0">
  <testcase classname="theInternet.tests.CheckboxTest" name="canToggleCheckbox" time="1.413"/>
  <system-out/>
</testsuite> <!-- theInternet.tests.CheckboxTest -->
