<?xml version="1.0" encoding="UTF-8"?>
<!-- Generated by org.testng.reporters.JUnitReportReporter -->
<testsuite hostname="MSI" failures="0" tests="3" name="theInternet.tests.AddRemoveElementsTest" time="5.916" errors="0" timestamp="2020-11-10T15:51:09 CST" skipped="0">
  <testcase classname="theInternet.tests.AddRemoveElementsTest" name="CanAddElements" time="0.378"/>
  <system-out/>
  <testcase classname="theInternet.tests.AddRemoveElementsTest" name="CanDeleteElements" time="3.146"/>
  <system-out/>
  <testcase classname="theInternet.tests.AddRemoveElementsTest" name="CanAddAndDeleteElements" time="2.392"/>
  <system-out/>
</testsuite> <!-- theInternet.tests.AddRemoveElementsTest -->
