<?xml version="1.0" encoding="UTF-8"?>
<!-- Generated by org.testng.reporters.JUnitReportReporter -->
<testsuite hostname="MSI" failures="0" tests="1" name="theInternet.tests.DropdownListTest" time="1.360" errors="0" timestamp="2020-11-06T10:48:53 CST" skipped="0">
  <testcase classname="theInternet.tests.DropdownListTest" name="tc4CanSelectDropdownListOption" time="1.360"/>
  <system-out/>
</testsuite> <!-- theInternet.tests.DropdownListTest -->
