<?xml version="1.0" encoding="UTF-8"?>
<!-- Generated by org.testng.reporters.JUnitReportReporter -->
<testsuite hostname="MSI" failures="0" tests="1" name="theInternet.tests.InputTest" time="0.611" errors="0" timestamp="2020-11-10T17:07:14 CST" skipped="0">
  <testcase classname="theInternet.tests.InputTest" name="tc5CanSetAnInput" time="0.611"/>
  <system-out/>
</testsuite> <!-- theInternet.tests.InputTest -->
