<?xml version="1.0" encoding="UTF-8"?>
<!-- Generated by org.testng.reporters.JUnitReportReporter -->
<testsuite hostname="MSI" failures="0" tests="1" name="theInternet.tests.HorizontalSliderTest" time="2.147" errors="0" timestamp="2020-11-12T02:26:56 CST" skipped="0">
  <testcase classname="theInternet.tests.HorizontalSliderTest" name="canMoveSlider" time="2.147"/>
  <system-out/>
</testsuite> <!-- theInternet.tests.HorizontalSliderTest -->
