<?xml version="1.0" encoding="UTF-8"?>
<!-- Generated by org.testng.reporters.JUnitReportReporter -->
<testsuite hostname="MSI" failures="0" tests="1" name="theInternet.tests.DropdownListTest" time="0.942" errors="0" timestamp="2020-11-08T22:36:21 CST" skipped="0">
  <testcase classname="theInternet.tests.DropdownListTest" name="tc4CanSelectDropdownListOption" time="0.942"/>
  <system-out/>
</testsuite> <!-- theInternet.tests.DropdownListTest -->
