<?xml version="1.0" encoding="UTF-8"?>
<!-- Generated by org.testng.reporters.JUnitReportReporter -->
<testsuite hostname="MSI" failures="0" tests="1" name="theInternet.tests.InfiniteScrollTest" time="0.933" errors="0" timestamp="2020-11-11T19:35:06 CST" skipped="0">
  <testcase classname="theInternet.tests.InfiniteScrollTest" name="canScrollInfinitelly" time="0.933"/>
  <system-out/>
</testsuite> <!-- theInternet.tests.InfiniteScrollTest -->
