<?xml version="1.0" encoding="UTF-8"?>
<!-- Generated by org.testng.reporters.JUnitReportReporter -->
<testsuite hostname="MSI" failures="0" tests="1" name="theInternet.tests.ContextMenuTest" time="1.726" errors="0" timestamp="2020-11-11T21:02:51 CST" skipped="0">
  <testcase classname="theInternet.tests.ContextMenuTest" name="checkContextMenuAlertAppears" time="1.726"/>
  <system-out/>
</testsuite> <!-- theInternet.tests.ContextMenuTest -->
