<?xml version="1.0" encoding="UTF-8"?>
<!-- Generated by org.testng.reporters.JUnitReportReporter -->
<testsuite hostname="CDantas" failures="0" tests="1" name="assignments_Oct.due_10_28.HW_test" time="0.011" errors="0" timestamp="2020-10-30T22:17:37 CDT" skipped="0">
  <testcase classname="assignments_Oct.due_10_28.HW_test" name="f" time="0.011"/>
  <system-out/>
</testsuite> <!-- assignments_Oct.due_10_28.HW_test -->
