<?xml version="1.0" encoding="UTF-8"?>
<!-- Generated by org.testng.reporters.JUnitReportReporter -->
<testsuite hostname="CDantas" failures="0" tests="4" name="TheInternet" time="2.857" errors="0" timestamp="2020-11-03T21:38:07 CST" skipped="0">
  <testcase classname="TheInternet" name="canNavigateToTheIndexPage" time="0.200"/>
  <system-out/>
  <testcase classname="TheInternet" name="tc4CanSelectDropdownListItem" time="0.438"/>
  <system-out/>
  <testcase classname="TheInternet" name="canLaunchChromeBrowser" time="1.920"/>
  <system-out/>
  <testcase classname="TheInternet" name="tc5CanSetAnInput" time="0.299"/>
  <system-out/>
</testsuite> <!-- TheInternet -->
