<?xml version="1.0" encoding="UTF-8"?>
<!-- Generated by org.testng.reporters.JUnitReportReporter -->
<testsuite hostname="MSI" failures="0" tests="1" name="theInternet.tests.RedirectionTest" time="0.802" errors="0" timestamp="2020-11-11T16:26:46 CST" skipped="0">
  <testcase classname="theInternet.tests.RedirectionTest" name="canRedirect" time="0.802"/>
  <system-out/>
</testsuite> <!-- theInternet.tests.RedirectionTest -->
